#
# A fatal error has been detected by the Java Runtime Environment:
#
#  Internal Error (javaClasses.cpp:129), pid=20559, tid=139978183706368
#  fatal error: Invalid layout of preloaded class
#
# JRE version: 7.0_25-b30
# Java VM: OpenJDK 64-Bit Server VM (23.7-b01 mixed mode linux-amd64 compressed oops)
# Failed to write core dump. Core dumps have been disabled. To enable core dumping, try "ulimit -c unlimited" before starting Java again
#
# If you would like to submit a bug report, please include
# instructions on how to reproduce the bug and visit:
#   https://bugs.launchpad.net/ubuntu/+source/openjdk-7/
#

---------------  T H R E A D  ---------------

Current thread (0x00007f4f2c009000):  JavaThread "Unknown thread" [_thread_in_vm, id=20562, stack(0x00007f4f35da8000,0x00007f4f35ea9000)]

Stack: [0x00007f4f35da8000,0x00007f4f35ea9000],  sp=0x00007f4f35ea7920,  free space=1022k
Native frames: (J=compiled Java code, j=interpreted, Vv=VM code, C=native code)
V  [libjvm.so+0x83a829]  VMError::report_and_die()+0x169
V  [libjvm.so+0x3e5c03]  report_fatal(char const*, int, char const*)+0x53
V  [libjvm.so+0x51b623]  compute_offset(int&, klassOopDesc*, Symbol*, Symbol*, bool)+0x123
V  [libjvm.so+0x51b8b1]  java_lang_String::compute_offsets()+0x41
V  [libjvm.so+0x7c98fd]  SystemDictionary::initialize_preloaded_classes(Thread*)+0x3d
V  [libjvm.so+0x816c53]  Universe::genesis(Thread*)+0x443
V  [libjvm.so+0x817102]  universe2_init()+0x32
V  [libjvm.so+0x4cf5ea]  init_globals()+0x9a
V  [libjvm.so+0x7fcf0c]  Threads::create_vm(JavaVMInitArgs*, bool*)+0x39c
V  [libjvm.so+0x538eca]  JNI_CreateJavaVM+0x5a
C  [libjli.so+0x2a17]  __strcat_chk+0x2a17


---------------  P R O C E S S  ---------------

Java Threads: ( => current thread )

Other Threads:

=>0x00007f4f2c009000 (exited) JavaThread "Unknown thread" [_thread_in_vm, id=20562, stack(0x00007f4f35da8000,0x00007f4f35ea9000)]

VM state:not at safepoint (not fully initialized)

VM Mutex/Monitor currently owned by a thread: None

GC Heap History (0 events):
No events

Deoptimization events (0 events):
No events

Internal exceptions (0 events):
No events

Events (10 events):
Event: 0.009 loading class 0x00007f4f2c02b180 done
Event: 0.009 loading class 0x00007f4f2c02aa20 done
Event: 0.009 loading class 0x00007f4f2c02a9f0
Event: 0.009 loading class 0x00007f4f2c056260
Event: 0.009 loading class 0x00007f4f2c056260 done
Event: 0.009 loading class 0x00007f4f2c0562a0
Event: 0.009 loading class 0x00007f4f2c0562a0 done
Event: 0.009 loading class 0x00007f4f2c0562e0
Event: 0.009 loading class 0x00007f4f2c0562e0 done
Event: 0.009 loading class 0x00007f4f2c02a9f0 done


Dynamic libraries:
00400000-00401000 r-xp 00000000 08:07 1576076                            /usr/lib/jvm/java-7-openjdk-amd64/jre/bin/java
00600000-00601000 r--p 00000000 08:07 1576076                            /usr/lib/jvm/java-7-openjdk-amd64/jre/bin/java
00601000-00602000 rw-p 00001000 08:07 1576076                            /usr/lib/jvm/java-7-openjdk-amd64/jre/bin/java
0184e000-0186f000 rw-p 00000000 00:00 0                                  [heap]
77ae00000-77c2c0000 rw-p 00000000 00:00 0 
77c2c0000-785400000 rw-p 00000000 00:00 0 
785400000-78a5e0000 rw-p 00000000 00:00 0 
78a5e0000-7d7160000 rw-p 00000000 00:00 0 
7d7160000-7d9a40000 rw-p 00000000 00:00 0 
7d9a40000-800000000 rw-p 00000000 00:00 0 
7f4f07d70000-7f4f0c000000 rw-p 00000000 00:00 0 
7f4f0c000000-7f4f0c021000 rw-p 00000000 00:00 0 
7f4f0c021000-7f4f10000000 ---p 00000000 00:00 0 
7f4f14000000-7f4f14021000 rw-p 00000000 00:00 0 
7f4f14021000-7f4f18000000 ---p 00000000 00:00 0 
7f4f1c000000-7f4f1c021000 rw-p 00000000 00:00 0 
7f4f1c021000-7f4f20000000 ---p 00000000 00:00 0 
7f4f24000000-7f4f24021000 rw-p 00000000 00:00 0 
7f4f24021000-7f4f28000000 ---p 00000000 00:00 0 
7f4f29000000-7f4f29270000 rwxp 00000000 00:00 0 
7f4f29270000-7f4f2c05d000 rw-p 00000000 00:00 0 
7f4f2c05d000-7f4f30000000 ---p 00000000 00:00 0 
7f4f30c7c000-7f4f30eb3000 rw-p 00000000 00:00 0 
7f4f30eb3000-7f4f30f8a000 r--s 013fe000 08:09 4461176                    /home/eleonorvinicius/Applications/adt-bundle-linux-x86_64-20131030/sdk/platforms/android-19/android.jar
7f4f30f8a000-7f4f32056000 rw-p 00000000 00:00 0 
7f4f32056000-7f4f32057000 ---p 00000000 00:00 0 
7f4f32057000-7f4f32157000 rw-p 00000000 00:00 0                          [stack:20569]
7f4f32157000-7f4f32158000 ---p 00000000 00:00 0 
7f4f32158000-7f4f32258000 rw-p 00000000 00:00 0                          [stack:20567]
7f4f32258000-7f4f32259000 ---p 00000000 00:00 0 
7f4f32259000-7f4f32359000 rw-p 00000000 00:00 0                          [stack:20566]
7f4f32359000-7f4f3235a000 ---p 00000000 00:00 0 
7f4f3235a000-7f4f32465000 rw-p 00000000 00:00 0                          [stack:20565]
7f4f32465000-7f4f324ad000 rw-p 00000000 00:00 0 
7f4f324ad000-7f4f324d6000 rw-p 00000000 00:00 0 
7f4f324d6000-7f4f3273c000 rw-p 00000000 00:00 0 
7f4f3273c000-7f4f32747000 rw-p 00000000 00:00 0 
7f4f32747000-7f4f3278f000 rw-p 00000000 00:00 0 
7f4f3278f000-7f4f327b8000 rw-p 00000000 00:00 0 
7f4f327b8000-7f4f32a1d000 rw-p 00000000 00:00 0 
7f4f32a1d000-7f4f32a33000 rw-p 00000000 00:00 0 
7f4f32a33000-7f4f32b65000 rw-p 00000000 00:00 0 
7f4f32b65000-7f4f32b66000 rw-p 00000000 00:00 0 
7f4f32b66000-7f4f32b6e000 r-xp 00000000 08:07 1576124                    /usr/lib/jvm/java-7-openjdk-amd64/jre/lib/amd64/libzip.so
7f4f32b6e000-7f4f32d6d000 ---p 00008000 08:07 1576124                    /usr/lib/jvm/java-7-openjdk-amd64/jre/lib/amd64/libzip.so
7f4f32d6d000-7f4f32d6e000 r--p 00007000 08:07 1576124                    /usr/lib/jvm/java-7-openjdk-amd64/jre/lib/amd64/libzip.so
7f4f32d6e000-7f4f32d6f000 rw-p 00008000 08:07 1576124                    /usr/lib/jvm/java-7-openjdk-amd64/jre/lib/amd64/libzip.so
7f4f32d6f000-7f4f32d7b000 r-xp 00000000 08:07 1973411                    /lib/x86_64-linux-gnu/libnss_files-2.15.so
7f4f32d7b000-7f4f32f7a000 ---p 0000c000 08:07 1973411                    /lib/x86_64-linux-gnu/libnss_files-2.15.so
7f4f32f7a000-7f4f32f7b000 r--p 0000b000 08:07 1973411                    /lib/x86_64-linux-gnu/libnss_files-2.15.so
7f4f32f7b000-7f4f32f7c000 rw-p 0000c000 08:07 1973411                    /lib/x86_64-linux-gnu/libnss_files-2.15.so
7f4f32f7c000-7f4f32f86000 r-xp 00000000 08:07 1973415                    /lib/x86_64-linux-gnu/libnss_nis-2.15.so
7f4f32f86000-7f4f33186000 ---p 0000a000 08:07 1973415                    /lib/x86_64-linux-gnu/libnss_nis-2.15.so
7f4f33186000-7f4f33187000 r--p 0000a000 08:07 1973415                    /lib/x86_64-linux-gnu/libnss_nis-2.15.so
7f4f33187000-7f4f33188000 rw-p 0000b000 08:07 1973415                    /lib/x86_64-linux-gnu/libnss_nis-2.15.so
7f4f33188000-7f4f3319f000 r-xp 00000000 08:07 1973427                    /lib/x86_64-linux-gnu/libnsl-2.15.so
7f4f3319f000-7f4f3339e000 ---p 00017000 08:07 1973427                    /lib/x86_64-linux-gnu/libnsl-2.15.so
7f4f3339e000-7f4f3339f000 r--p 00016000 08:07 1973427                    /lib/x86_64-linux-gnu/libnsl-2.15.so
7f4f3339f000-7f4f333a0000 rw-p 00017000 08:07 1973427                    /lib/x86_64-linux-gnu/libnsl-2.15.so
7f4f333a0000-7f4f333a2000 rw-p 00000000 00:00 0 
7f4f333a2000-7f4f333aa000 r-xp 00000000 08:07 1973409                    /lib/x86_64-linux-gnu/libnss_compat-2.15.so
7f4f333aa000-7f4f335a9000 ---p 00008000 08:07 1973409                    /lib/x86_64-linux-gnu/libnss_compat-2.15.so
7f4f335a9000-7f4f335aa000 r--p 00007000 08:07 1973409                    /lib/x86_64-linux-gnu/libnss_compat-2.15.so
7f4f335aa000-7f4f335ab000 rw-p 00008000 08:07 1973409                    /lib/x86_64-linux-gnu/libnss_compat-2.15.so
7f4f335ab000-7f4f335d4000 r-xp 00000000 08:07 1576119                    /usr/lib/jvm/java-7-openjdk-amd64/jre/lib/amd64/libjava.so
7f4f335d4000-7f4f337d3000 ---p 00029000 08:07 1576119                    /usr/lib/jvm/java-7-openjdk-amd64/jre/lib/amd64/libjava.so
7f4f337d3000-7f4f337d4000 r--p 00028000 08:07 1576119                    /usr/lib/jvm/java-7-openjdk-amd64/jre/lib/amd64/libjava.so
7f4f337d4000-7f4f337d6000 rw-p 00029000 08:07 1576119                    /usr/lib/jvm/java-7-openjdk-amd64/jre/lib/amd64/libjava.so
7f4f337d6000-7f4f337e4000 r-xp 00000000 08:07 1576141                    /usr/lib/jvm/java-7-openjdk-amd64/jre/lib/amd64/libverify.so
7f4f337e4000-7f4f339e3000 ---p 0000e000 08:07 1576141                    /usr/lib/jvm/java-7-openjdk-amd64/jre/lib/amd64/libverify.so
7f4f339e3000-7f4f339e5000 r--p 0000d000 08:07 1576141                    /usr/lib/jvm/java-7-openjdk-amd64/jre/lib/amd64/libverify.so
7f4f339e5000-7f4f339e6000 rw-p 0000f000 08:07 1576141                    /usr/lib/jvm/java-7-openjdk-amd64/jre/lib/amd64/libverify.so
7f4f339e6000-7f4f339ed000 r-xp 00000000 08:07 1973414                    /lib/x86_64-linux-gnu/librt-2.15.so
7f4f339ed000-7f4f33bec000 ---p 00007000 08:07 1973414                    /lib/x86_64-linux-gnu/librt-2.15.so
7f4f33bec000-7f4f33bed000 r--p 00006000 08:07 1973414                    /lib/x86_64-linux-gnu/librt-2.15.so
7f4f33bed000-7f4f33bee000 rw-p 00007000 08:07 1973414                    /lib/x86_64-linux-gnu/librt-2.15.so
7f4f33bee000-7f4f33c03000 r-xp 00000000 08:07 1966209                    /lib/x86_64-linux-gnu/libgcc_s.so.1
7f4f33c03000-7f4f33e02000 ---p 00015000 08:07 1966209                    /lib/x86_64-linux-gnu/libgcc_s.so.1
7f4f33e02000-7f4f33e03000 r--p 00014000 08:07 1966209                    /lib/x86_64-linux-gnu/libgcc_s.so.1
7f4f33e03000-7f4f33e04000 rw-p 00015000 08:07 1966209                    /lib/x86_64-linux-gnu/libgcc_s.so.1
7f4f33e04000-7f4f33eff000 r-xp 00000000 08:07 1973418                    /lib/x86_64-linux-gnu/libm-2.15.so
7f4f33eff000-7f4f340fe000 ---p 000fb000 08:07 1973418                    /lib/x86_64-linux-gnu/libm-2.15.so
7f4f340fe000-7f4f340ff000 r--p 000fa000 08:07 1973418                    /lib/x86_64-linux-gnu/libm-2.15.so
7f4f340ff000-7f4f34100000 rw-p 000fb000 08:07 1973418                    /lib/x86_64-linux-gnu/libm-2.15.so
7f4f34100000-7f4f341e2000 r-xp 00000000 08:07 1578490                    /usr/lib/x86_64-linux-gnu/libstdc++.so.6.0.16
7f4f341e2000-7f4f343e1000 ---p 000e2000 08:07 1578490                    /usr/lib/x86_64-linux-gnu/libstdc++.so.6.0.16
7f4f343e1000-7f4f343e9000 r--p 000e1000 08:07 1578490                    /usr/lib/x86_64-linux-gnu/libstdc++.so.6.0.16
7f4f343e9000-7f4f343eb000 rw-p 000e9000 08:07 1578490                    /usr/lib/x86_64-linux-gnu/libstdc++.so.6.0.16
7f4f343eb000-7f4f34400000 rw-p 00000000 00:00 0 
7f4f34400000-7f4f34dd3000 r-xp 00000000 08:07 1576135                    /usr/lib/jvm/java-7-openjdk-amd64/jre/lib/amd64/server/libjvm.so
7f4f34dd3000-7f4f34fd2000 ---p 009d3000 08:07 1576135                    /usr/lib/jvm/java-7-openjdk-amd64/jre/lib/amd64/server/libjvm.so
7f4f34fd2000-7f4f35051000 r--p 009d2000 08:07 1576135                    /usr/lib/jvm/java-7-openjdk-amd64/jre/lib/amd64/server/libjvm.so
7f4f35051000-7f4f35074000 rw-p 00a51000 08:07 1576135                    /usr/lib/jvm/java-7-openjdk-amd64/jre/lib/amd64/server/libjvm.so
7f4f35074000-7f4f3509e000 rw-p 00000000 00:00 0 
7f4f3509e000-7f4f350b4000 r-xp 00000000 08:07 1966299                    /lib/x86_64-linux-gnu/libz.so.1.2.3.4
7f4f350b4000-7f4f352b3000 ---p 00016000 08:07 1966299                    /lib/x86_64-linux-gnu/libz.so.1.2.3.4
7f4f352b3000-7f4f352b4000 r--p 00015000 08:07 1966299                    /lib/x86_64-linux-gnu/libz.so.1.2.3.4
7f4f352b4000-7f4f352b5000 rw-p 00016000 08:07 1966299                    /lib/x86_64-linux-gnu/libz.so.1.2.3.4
7f4f352b5000-7f4f352cd000 r-xp 00000000 08:07 1973416                    /lib/x86_64-linux-gnu/libpthread-2.15.so
7f4f352cd000-7f4f354cc000 ---p 00018000 08:07 1973416                    /lib/x86_64-linux-gnu/libpthread-2.15.so
7f4f354cc000-7f4f354cd000 r--p 00017000 08:07 1973416                    /lib/x86_64-linux-gnu/libpthread-2.15.so
7f4f354cd000-7f4f354ce000 rw-p 00018000 08:07 1973416                    /lib/x86_64-linux-gnu/libpthread-2.15.so
7f4f354ce000-7f4f354d2000 rw-p 00000000 00:00 0 
7f4f354d2000-7f4f354d4000 r-xp 00000000 08:07 1973422                    /lib/x86_64-linux-gnu/libdl-2.15.so
7f4f354d4000-7f4f356d4000 ---p 00002000 08:07 1973422                    /lib/x86_64-linux-gnu/libdl-2.15.so
7f4f356d4000-7f4f356d5000 r--p 00002000 08:07 1973422                    /lib/x86_64-linux-gnu/libdl-2.15.so
7f4f356d5000-7f4f356d6000 rw-p 00003000 08:07 1973422                    /lib/x86_64-linux-gnu/libdl-2.15.so
7f4f356d6000-7f4f3588b000 r-xp 00000000 08:07 1973407                    /lib/x86_64-linux-gnu/libc-2.15.so
7f4f3588b000-7f4f35a8b000 ---p 001b5000 08:07 1973407                    /lib/x86_64-linux-gnu/libc-2.15.so
7f4f35a8b000-7f4f35a8f000 r--p 001b5000 08:07 1973407                    /lib/x86_64-linux-gnu/libc-2.15.so
7f4f35a8f000-7f4f35a91000 rw-p 001b9000 08:07 1973407                    /lib/x86_64-linux-gnu/libc-2.15.so
7f4f35a91000-7f4f35a96000 rw-p 00000000 00:00 0 
7f4f35a96000-7f4f35aa3000 r-xp 00000000 08:07 1576128                    /usr/lib/jvm/java-7-openjdk-amd64/jre/lib/amd64/jli/libjli.so
7f4f35aa3000-7f4f35ca2000 ---p 0000d000 08:07 1576128                    /usr/lib/jvm/java-7-openjdk-amd64/jre/lib/amd64/jli/libjli.so
7f4f35ca2000-7f4f35ca3000 r--p 0000c000 08:07 1576128                    /usr/lib/jvm/java-7-openjdk-amd64/jre/lib/amd64/jli/libjli.so
7f4f35ca3000-7f4f35ca4000 rw-p 0000d000 08:07 1576128                    /usr/lib/jvm/java-7-openjdk-amd64/jre/lib/amd64/jli/libjli.so
7f4f35ca4000-7f4f35cc6000 r-xp 00000000 08:07 1973419                    /lib/x86_64-linux-gnu/ld-2.15.so
7f4f35ce8000-7f4f35cf2000 rw-p 00000000 00:00 0 
7f4f35cf2000-7f4f35da8000 rw-p 00000000 00:00 0 
7f4f35da8000-7f4f35dab000 ---p 00000000 00:00 0 
7f4f35dab000-7f4f35eae000 rw-p 00000000 00:00 0                          [stack:20562]
7f4f35eb8000-7f4f35eba000 rw-p 00000000 00:00 0 
7f4f35eba000-7f4f35ec2000 rw-s 00000000 08:07 918976                     /tmp/hsperfdata_eleonorvinicius/20559
7f4f35ec2000-7f4f35ec3000 rw-p 00000000 00:00 0 
7f4f35ec3000-7f4f35ec4000 r--p 00000000 00:00 0 
7f4f35ec4000-7f4f35ec6000 rw-p 00000000 00:00 0 
7f4f35ec6000-7f4f35ec7000 r--p 00022000 08:07 1973419                    /lib/x86_64-linux-gnu/ld-2.15.so
7f4f35ec7000-7f4f35ec9000 rw-p 00023000 08:07 1973419                    /lib/x86_64-linux-gnu/ld-2.15.so
7fff0354a000-7fff0356b000 rw-p 00000000 00:00 0                          [stack]
7fff035fe000-7fff03600000 r-xp 00000000 00:00 0                          [vdso]
ffffffffff600000-ffffffffff601000 r-xp 00000000 00:00 0                  [vsyscall]

VM Arguments:
jvm_args: -Dfile.encoding=UTF-8 -Xbootclasspath:/home/eleonorvinicius/Applications/adt-bundle-linux-x86_64-20131030/sdk/platforms/android-19/android.jar 
java_command: org.eclipse.jdt.internal.junit.runner.RemoteTestRunner -version 3 -port 54475 -testLoaderClass org.eclipse.jdt.internal.junit.runner.junit3.JUnit3TestLoader -loaderpluginname org.eclipse.jdt.junit.runtime -classNames com.eleonorvinicius.lgur.test.OwnerTest
Launcher Type: SUN_STANDARD

Environment Variables:
PATH=/usr/lib/lightdm/lightdm:/usr/local/sbin:/usr/local/bin:/usr/sbin:/usr/bin:/sbin:/bin:/usr/games
SHELL=/bin/bash
DISPLAY=:0

Signal Handlers:
SIGSEGV: [libjvm.so+0x83b2a0], sa_mask[0]=0x7ffbfeff, sa_flags=0x10000004
SIGBUS: [libjvm.so+0x83b2a0], sa_mask[0]=0x7ffbfeff, sa_flags=0x10000004
SIGFPE: [libjvm.so+0x6dc040], sa_mask[0]=0x7ffbfeff, sa_flags=0x10000004
SIGPIPE: [libjvm.so+0x6dc040], sa_mask[0]=0x7ffbfeff, sa_flags=0x10000004
SIGXFSZ: [libjvm.so+0x6dc040], sa_mask[0]=0x7ffbfeff, sa_flags=0x10000004
SIGILL: [libjvm.so+0x6dc040], sa_mask[0]=0x7ffbfeff, sa_flags=0x10000004
SIGUSR1: SIG_DFL, sa_mask[0]=0x00000000, sa_flags=0x00000000
SIGUSR2: [libjvm.so+0x6dc480], sa_mask[0]=0x00000004, sa_flags=0x10000004
SIGHUP: SIG_DFL, sa_mask[0]=0x00000000, sa_flags=0x00000000
SIGINT: SIG_DFL, sa_mask[0]=0x00000000, sa_flags=0x00000000
SIGTERM: SIG_DFL, sa_mask[0]=0x00000000, sa_flags=0x00000000
SIGQUIT: SIG_DFL, sa_mask[0]=0x00000000, sa_flags=0x00000000


---------------  S Y S T E M  ---------------

OS:Ubuntu 12.04 (precise)
uname:Linux 3.8.0-35-generic #50~precise1-Ubuntu SMP Wed Dec 4 17:25:51 UTC 2013 x86_64
libc:glibc 2.15 NPTL 2.15 
rlimit: STACK 8192k, CORE 0k, NPROC 62399, NOFILE 4096, AS infinity
load average:1.18 1.07 0.98

/proc/meminfo:
MemTotal:        8041324 kB
MemFree:         1551332 kB
Buffers:          243936 kB
Cached:          3499240 kB
SwapCached:            0 kB
Active:          3314448 kB
Inactive:        2809544 kB
Active(anon):    2383272 kB
Inactive(anon):   434708 kB
Active(file):     931176 kB
Inactive(file):  2374836 kB
Unevictable:          32 kB
Mlocked:              32 kB
SwapTotal:       1952764 kB
SwapFree:        1952764 kB
Dirty:              6544 kB
Writeback:             0 kB
AnonPages:       2381156 kB
Mapped:           217948 kB
Shmem:            437168 kB
Slab:             220216 kB
SReclaimable:     185064 kB
SUnreclaim:        35152 kB
KernelStack:        4624 kB
PageTables:        43760 kB
NFS_Unstable:          0 kB
Bounce:                0 kB
WritebackTmp:          0 kB
CommitLimit:     5973424 kB
Committed_AS:    6783416 kB
VmallocTotal:   34359738367 kB
VmallocUsed:      442212 kB
VmallocChunk:   34359283164 kB
HardwareCorrupted:     0 kB
AnonHugePages:         0 kB
HugePages_Total:       0
HugePages_Free:        0
HugePages_Rsvd:        0
HugePages_Surp:        0
Hugepagesize:       2048 kB
DirectMap4k:      145408 kB
DirectMap2M:     8218624 kB


CPU:total 4 (2 cores per cpu, 2 threads per core) family 6 model 58 stepping 9, cmov, cx8, fxsr, mmx, sse, sse2, sse3, ssse3, sse4.1, sse4.2, popcnt, avx, ht, tsc, tscinvbit, tscinv

/proc/cpuinfo:
processor	: 0
vendor_id	: GenuineIntel
cpu family	: 6
model		: 58
model name	: Intel(R) Core(TM) i7-3537U CPU @ 2.00GHz
stepping	: 9
microcode	: 0x17
cpu MHz		: 1900.000
cache size	: 4096 KB
physical id	: 0
siblings	: 4
core id		: 0
cpu cores	: 2
apicid		: 0
initial apicid	: 0
fpu		: yes
fpu_exception	: yes
cpuid level	: 13
wp		: yes
flags		: fpu vme de pse tsc msr pae mce cx8 apic sep mtrr pge mca cmov pat pse36 clflush dts acpi mmx fxsr sse sse2 ss ht tm pbe syscall nx rdtscp lm constant_tsc arch_perfmon pebs bts rep_good nopl xtopology nonstop_tsc aperfmperf eagerfpu pni pclmulqdq dtes64 monitor ds_cpl vmx est tm2 ssse3 cx16 xtpr pdcm pcid sse4_1 sse4_2 x2apic popcnt tsc_deadline_timer aes xsave avx f16c rdrand lahf_lm ida arat epb xsaveopt pln pts dtherm tpr_shadow vnmi flexpriority ept vpid fsgsbase smep erms
bogomips	: 3990.83
clflush size	: 64
cache_alignment	: 64
address sizes	: 36 bits physical, 48 bits virtual
power management:

processor	: 1
vendor_id	: GenuineIntel
cpu family	: 6
model		: 58
model name	: Intel(R) Core(TM) i7-3537U CPU @ 2.00GHz
stepping	: 9
microcode	: 0x17
cpu MHz		: 2000.000
cache size	: 4096 KB
physical id	: 0
siblings	: 4
core id		: 1
cpu cores	: 2
apicid		: 2
initial apicid	: 2
fpu		: yes
fpu_exception	: yes
cpuid level	: 13
wp		: yes
flags		: fpu vme de pse tsc msr pae mce cx8 apic sep mtrr pge mca cmov pat pse36 clflush dts acpi mmx fxsr sse sse2 ss ht tm pbe syscall nx rdtscp lm constant_tsc arch_perfmon pebs bts rep_good nopl xtopology nonstop_tsc aperfmperf eagerfpu pni pclmulqdq dtes64 monitor ds_cpl vmx est tm2 ssse3 cx16 xtpr pdcm pcid sse4_1 sse4_2 x2apic popcnt tsc_deadline_timer aes xsave avx f16c rdrand lahf_lm ida arat epb xsaveopt pln pts dtherm tpr_shadow vnmi flexpriority ept vpid fsgsbase smep erms
bogomips	: 3990.83
clflush size	: 64
cache_alignment	: 64
address sizes	: 36 bits physical, 48 bits virtual
power management:

processor	: 2
vendor_id	: GenuineIntel
cpu family	: 6
model		: 58
model name	: Intel(R) Core(TM) i7-3537U CPU @ 2.00GHz
stepping	: 9
microcode	: 0x17
cpu MHz		: 1300.000
cache size	: 4096 KB
physical id	: 0
siblings	: 4
core id		: 0
cpu cores	: 2
apicid		: 1
initial apicid	: 1
fpu		: yes
fpu_exception	: yes
cpuid level	: 13
wp		: yes
flags		: fpu vme de pse tsc msr pae mce cx8 apic sep mtrr pge mca cmov pat pse36 clflush dts acpi mmx fxsr sse sse2 ss ht tm pbe syscall nx rdtscp lm constant_tsc arch_perfmon pebs bts rep_good nopl xtopology nonstop_tsc aperfmperf eagerfpu pni pclmulqdq dtes64 monitor ds_cpl vmx est tm2 ssse3 cx16 xtpr pdcm pcid sse4_1 sse4_2 x2apic popcnt tsc_deadline_timer aes xsave avx f16c rdrand lahf_lm ida arat epb xsaveopt pln pts dtherm tpr_shadow vnmi flexpriority ept vpid fsgsbase smep erms
bogomips	: 3990.83
clflush size	: 64
cache_alignment	: 64
address sizes	: 36 bits physical, 48 bits virtual
power management:

processor	: 3
vendor_id	: GenuineIntel
cpu family	: 6
model		: 58
model name	: Intel(R) Core(TM) i7-3537U CPU @ 2.00GHz
stepping	: 9
microcode	: 0x17
cpu MHz		: 2001.000
cache size	: 4096 KB
physical id	: 0
siblings	: 4
core id		: 1
cpu cores	: 2
apicid		: 3
initial apicid	: 3
fpu		: yes
fpu_exception	: yes
cpuid level	: 13
wp		: yes
flags		: fpu vme de pse tsc msr pae mce cx8 apic sep mtrr pge mca cmov pat pse36 clflush dts acpi mmx fxsr sse sse2 ss ht tm pbe syscall nx rdtscp lm constant_tsc arch_perfmon pebs bts rep_good nopl xtopology nonstop_tsc aperfmperf eagerfpu pni pclmulqdq dtes64 monitor ds_cpl vmx est tm2 ssse3 cx16 xtpr pdcm pcid sse4_1 sse4_2 x2apic popcnt tsc_deadline_timer aes xsave avx f16c rdrand lahf_lm ida arat epb xsaveopt pln pts dtherm tpr_shadow vnmi flexpriority ept vpid fsgsbase smep erms
bogomips	: 3990.83
clflush size	: 64
cache_alignment	: 64
address sizes	: 36 bits physical, 48 bits virtual
power management:



Memory: 4k page, physical 8041324k(1551332k free), swap 1952764k(1952764k free)

vm_info: OpenJDK 64-Bit Server VM (23.7-b01) for linux-amd64 JRE (1.7.0_25-b30), built on Jul 15 2013 20:38:06 by "buildd" with gcc 4.6.3

time: Fri Jan 17 16:57:16 2014
elapsed time: 0 seconds

